<?xml version="1.0" encoding="UTF-8"?>
<coverage generated="1583499959871" clover="3.2.0">
  <project timestamp="1583499959872" name="All files">
    <metrics statements="58" coveredstatements="39" conditionals="35" coveredconditionals="28" methods="12" coveredmethods="9" elements="105" coveredelements="76" complexity="0" loc="58" ncloc="58" packages="2" files="3" classes="3"/>
    <package name="controller">
      <metrics statements="31" coveredstatements="26" conditionals="12" coveredconditionals="6" methods="10" coveredmethods="8"/>
      <file name="CsvReader.js" path="/Users/wenjiezhang/Documents/Software/School/csv/controller/CsvReader.js">
        <metrics statements="27" coveredstatements="22" conditionals="12" coveredconditionals="6" methods="7" coveredmethods="6"/>
        <line num="1" count="1" type="stmt"/>
        <line num="2" count="1" type="stmt"/>
        <line num="3" count="1" type="stmt"/>
        <line num="4" count="1" type="stmt"/>
        <line num="8" count="4" type="stmt"/>
        <line num="9" count="4" type="stmt"/>
        <line num="10" count="4" type="stmt"/>
        <line num="11" count="4" type="stmt"/>
        <line num="14" count="4" type="cond" truecount="2" falsecount="0"/>
        <line num="15" count="1" type="stmt"/>
        <line num="17" count="3" type="stmt"/>
        <line num="18" count="3" type="stmt"/>
        <line num="19" count="3" type="stmt"/>
        <line num="28" count="9" type="stmt"/>
        <line num="29" count="327" type="cond" truecount="1" falsecount="1"/>
        <line num="30" count="327" type="stmt"/>
        <line num="31" count="327" type="stmt"/>
        <line num="34" count="0" type="stmt"/>
        <line num="39" count="3" type="stmt"/>
        <line num="40" count="3" type="cond" truecount="3" falsecount="1"/>
        <line num="41" count="3" type="stmt"/>
        <line num="44" count="0" type="stmt"/>
        <line num="51" count="0" type="cond" truecount="0" falsecount="4"/>
        <line num="52" count="0" type="stmt"/>
        <line num="55" count="0" type="stmt"/>
        <line num="60" count="327" type="stmt"/>
        <line num="65" count="1" type="stmt"/>
      </file>
      <file name="Reader.js" path="/Users/wenjiezhang/Documents/Software/School/csv/controller/Reader.js">
        <metrics statements="4" coveredstatements="4" conditionals="0" coveredconditionals="0" methods="3" coveredmethods="2"/>
        <line num="4" count="4" type="stmt"/>
        <line num="5" count="4" type="stmt"/>
        <line num="10" count="327" type="stmt"/>
        <line num="15" count="1" type="stmt"/>
      </file>
    </package>
    <package name="model">
      <metrics statements="27" coveredstatements="13" conditionals="23" coveredconditionals="22" methods="2" coveredmethods="1"/>
      <file name="city.js" path="/Users/wenjiezhang/Documents/Software/School/csv/model/city.js">
        <metrics statements="27" coveredstatements="13" conditionals="23" coveredconditionals="22" methods="2" coveredmethods="1"/>
        <line num="3" count="764" type="cond" truecount="1" falsecount="1"/>
        <line num="4" count="764" type="stmt"/>
        <line num="5" count="764" type="cond" truecount="2" falsecount="0"/>
        <line num="6" count="764" type="cond" truecount="2" falsecount="0"/>
        <line num="7" count="764" type="cond" truecount="2" falsecount="0"/>
        <line num="8" count="764" type="cond" truecount="2" falsecount="0"/>
        <line num="9" count="764" type="cond" truecount="2" falsecount="0"/>
        <line num="10" count="764" type="cond" truecount="2" falsecount="0"/>
        <line num="11" count="764" type="cond" truecount="2" falsecount="0"/>
        <line num="12" count="764" type="cond" truecount="2" falsecount="0"/>
        <line num="13" count="764" type="cond" truecount="2" falsecount="0"/>
        <line num="14" count="764" type="cond" truecount="2" falsecount="0"/>
        <line num="17" count="0" type="stmt"/>
        <line num="18" count="0" type="stmt"/>
        <line num="19" count="0" type="stmt"/>
        <line num="20" count="0" type="stmt"/>
        <line num="21" count="0" type="stmt"/>
        <line num="22" count="0" type="stmt"/>
        <line num="23" count="0" type="stmt"/>
        <line num="24" count="0" type="stmt"/>
        <line num="25" count="0" type="stmt"/>
        <line num="29" count="0" type="stmt"/>
        <line num="30" count="0" type="stmt"/>
        <line num="31" count="0" type="stmt"/>
        <line num="33" count="0" type="stmt"/>
        <line num="34" count="0" type="stmt"/>
        <line num="37" count="3" type="stmt"/>
      </file>
    </package>
  </project>
</coverage>
