<?xml version="1.0" encoding="UTF-8"?>
<coverage generated="1583589231881" clover="3.2.0">
  <project timestamp="1583589231881" name="All files">
    <metrics statements="47" coveredstatements="46" conditionals="33" coveredconditionals="32" methods="7" coveredmethods="7" elements="87" coveredelements="85" complexity="0" loc="47" ncloc="47" packages="2" files="3" classes="3"/>
    <package name="controller">
      <metrics statements="24" coveredstatements="23" conditionals="8" coveredconditionals="7" methods="6" coveredmethods="6"/>
      <file name="CsvReader.js" path="/Users/wenjiezhang/Documents/Software/School/csv/controller/CsvReader.js">
        <metrics statements="21" coveredstatements="20" conditionals="8" coveredconditionals="7" methods="5" coveredmethods="5"/>
        <line num="1" count="1" type="stmt"/>
        <line num="2" count="1" type="stmt"/>
        <line num="3" count="1" type="stmt"/>
        <line num="4" count="1" type="stmt"/>
        <line num="8" count="5" type="stmt"/>
        <line num="9" count="5" type="stmt"/>
        <line num="12" count="5" type="cond" truecount="2" falsecount="0"/>
        <line num="13" count="1" type="stmt"/>
        <line num="15" count="4" type="stmt"/>
        <line num="16" count="4" type="stmt"/>
        <line num="17" count="4" type="stmt"/>
        <line num="26" count="10" type="stmt"/>
        <line num="27" count="327" type="cond" truecount="1" falsecount="1"/>
        <line num="28" count="327" type="stmt"/>
        <line num="29" count="327" type="stmt"/>
        <line num="32" count="0" type="stmt"/>
        <line num="37" count="4" type="stmt"/>
        <line num="38" count="4" type="cond" truecount="4" falsecount="0"/>
        <line num="39" count="3" type="stmt"/>
        <line num="42" count="1" type="stmt"/>
        <line num="50" count="1" type="stmt"/>
      </file>
      <file name="Reader.js" path="/Users/wenjiezhang/Documents/Software/School/csv/controller/Reader.js">
        <metrics statements="3" coveredstatements="3" conditionals="0" coveredconditionals="0" methods="1" coveredmethods="1"/>
        <line num="4" count="5" type="stmt"/>
        <line num="5" count="5" type="stmt"/>
        <line num="10" count="1" type="stmt"/>
      </file>
    </package>
    <package name="model">
      <metrics statements="23" coveredstatements="23" conditionals="25" coveredconditionals="25" methods="1" coveredmethods="1"/>
      <file name="city.js" path="/Users/wenjiezhang/Documents/Software/School/csv/model/city.js">
        <metrics statements="23" coveredstatements="23" conditionals="25" coveredconditionals="25" methods="1" coveredmethods="1"/>
        <line num="3" count="766" type="cond" truecount="2" falsecount="0"/>
        <line num="4" count="765" type="stmt"/>
        <line num="5" count="765" type="cond" truecount="2" falsecount="0"/>
        <line num="6" count="765" type="cond" truecount="2" falsecount="0"/>
        <line num="7" count="765" type="cond" truecount="2" falsecount="0"/>
        <line num="8" count="765" type="cond" truecount="2" falsecount="0"/>
        <line num="9" count="765" type="cond" truecount="2" falsecount="0"/>
        <line num="10" count="765" type="cond" truecount="2" falsecount="0"/>
        <line num="11" count="765" type="cond" truecount="2" falsecount="0"/>
        <line num="12" count="765" type="cond" truecount="2" falsecount="0"/>
        <line num="13" count="765" type="cond" truecount="2" falsecount="0"/>
        <line num="14" count="765" type="cond" truecount="2" falsecount="0"/>
        <line num="15" count="765" type="cond" truecount="2" falsecount="0"/>
        <line num="18" count="1" type="stmt"/>
        <line num="19" count="1" type="stmt"/>
        <line num="20" count="1" type="stmt"/>
        <line num="21" count="1" type="stmt"/>
        <line num="22" count="1" type="stmt"/>
        <line num="23" count="1" type="stmt"/>
        <line num="24" count="1" type="stmt"/>
        <line num="25" count="1" type="stmt"/>
        <line num="26" count="1" type="stmt"/>
        <line num="30" count="4" type="stmt"/>
      </file>
    </package>
  </project>
</coverage>
