{"/Users/wenjiezhang/Documents/Software/School/csv/controller/CsvReader.js": {"path":"/Users/wenjiezhang/Documents/Software/School/csv/controller/CsvReader.js","statementMap":{"0":{"start":{"line":1,"column":16},"end":{"line":1,"column":35}},"1":{"start":{"line":2,"column":11},"end":{"line":2,"column":24}},"2":{"start":{"line":3,"column":12},"end":{"line":3,"column":33}},"3":{"start":{"line":4,"column":13},"end":{"line":4,"column":37}},"4":{"start":{"line":8,"column":8},"end":{"line":8,"column":19}},"5":{"start":{"line":9,"column":8},"end":{"line":9,"column":24}},"6":{"start":{"line":10,"column":8},"end":{"line":10,"column":44}},"7":{"start":{"line":11,"column":8},"end":{"line":11,"column":38}},"8":{"start":{"line":14,"column":7},"end":{"line":16,"column":8}},"9":{"start":{"line":15,"column":11},"end":{"line":15,"column":50}},"10":{"start":{"line":17,"column":7},"end":{"line":47,"column":9}},"11":{"start":{"line":18,"column":33},"end":{"line":18,"column":37}},"12":{"start":{"line":19,"column":20},"end":{"line":46,"column":19}},"13":{"start":{"line":28,"column":28},"end":{"line":36,"column":29}},"14":{"start":{"line":29,"column":32},"end":{"line":35,"column":33}},"15":{"start":{"line":30,"column":51},"end":{"line":30,"column":74}},"16":{"start":{"line":31,"column":36},"end":{"line":31,"column":59}},"17":{"start":{"line":34,"column":36},"end":{"line":34,"column":57}},"18":{"start":{"line":39,"column":20},"end":{"line":39,"column":67}},"19":{"start":{"line":40,"column":20},"end":{"line":45,"column":21}},"20":{"start":{"line":41,"column":24},"end":{"line":41,"column":44}},"21":{"start":{"line":44,"column":24},"end":{"line":44,"column":52}},"22":{"start":{"line":51,"column":8},"end":{"line":56,"column":9}},"23":{"start":{"line":52,"column":12},"end":{"line":52,"column":30}},"24":{"start":{"line":55,"column":12},"end":{"line":55,"column":68}},"25":{"start":{"line":60,"column":7},"end":{"line":60,"column":25}},"26":{"start":{"line":65,"column":0},"end":{"line":65,"column":27}}},"fnMap":{"0":{"name":"(anonymous_0)","decl":{"start":{"line":7,"column":4},"end":{"line":7,"column":5}},"loc":{"start":{"line":7,"column":21},"end":{"line":12,"column":5}},"line":7},"1":{"name":"(anonymous_1)","decl":{"start":{"line":13,"column":3},"end":{"line":13,"column":4}},"loc":{"start":{"line":13,"column":20},"end":{"line":48,"column":4}},"line":13},"2":{"name":"(anonymous_2)","decl":{"start":{"line":17,"column":26},"end":{"line":17,"column":27}},"loc":{"start":{"line":17,"column":47},"end":{"line":47,"column":8}},"line":17},"3":{"name":"(anonymous_3)","decl":{"start":{"line":26,"column":40},"end":{"line":26,"column":41}},"loc":{"start":{"line":26,"column":50},"end":{"line":37,"column":21}},"line":26},"4":{"name":"(anonymous_4)","decl":{"start":{"line":38,"column":31},"end":{"line":38,"column":32}},"loc":{"start":{"line":38,"column":37},"end":{"line":46,"column":17}},"line":38},"5":{"name":"(anonymous_5)","decl":{"start":{"line":50,"column":3},"end":{"line":50,"column":4}},"loc":{"start":{"line":50,"column":8},"end":{"line":57,"column":4}},"line":50},"6":{"name":"(anonymous_6)","decl":{"start":{"line":59,"column":3},"end":{"line":59,"column":4}},"loc":{"start":{"line":59,"column":15},"end":{"line":61,"column":4}},"line":59}},"branchMap":{"0":{"loc":{"start":{"line":14,"column":7},"end":{"line":16,"column":8}},"type":"if","locations":[{"start":{"line":14,"column":7},"end":{"line":16,"column":8}},{"start":{"line":14,"column":7},"end":{"line":16,"column":8}}],"line":14},"1":{"loc":{"start":{"line":29,"column":32},"end":{"line":35,"column":33}},"type":"if","locations":[{"start":{"line":29,"column":32},"end":{"line":35,"column":33}},{"start":{"line":29,"column":32},"end":{"line":35,"column":33}}],"line":29},"2":{"loc":{"start":{"line":40,"column":20},"end":{"line":45,"column":21}},"type":"if","locations":[{"start":{"line":40,"column":20},"end":{"line":45,"column":21}},{"start":{"line":40,"column":20},"end":{"line":45,"column":21}}],"line":40},"3":{"loc":{"start":{"line":40,"column":23},"end":{"line":40,"column":68}},"type":"binary-expr","locations":[{"start":{"line":40,"column":23},"end":{"line":40,"column":42}},{"start":{"line":40,"column":46},"end":{"line":40,"column":68}}],"line":40},"4":{"loc":{"start":{"line":51,"column":8},"end":{"line":56,"column":9}},"type":"if","locations":[{"start":{"line":51,"column":8},"end":{"line":56,"column":9}},{"start":{"line":51,"column":8},"end":{"line":56,"column":9}}],"line":51},"5":{"loc":{"start":{"line":51,"column":11},"end":{"line":51,"column":56}},"type":"binary-expr","locations":[{"start":{"line":51,"column":11},"end":{"line":51,"column":30}},{"start":{"line":51,"column":34},"end":{"line":51,"column":56}}],"line":51}},"s":{"0":1,"1":1,"2":1,"3":1,"4":4,"5":4,"6":4,"7":4,"8":4,"9":1,"10":3,"11":3,"12":3,"13":9,"14":327,"15":327,"16":327,"17":0,"18":3,"19":3,"20":3,"21":0,"22":0,"23":0,"24":0,"25":327,"26":1},"f":{"0":4,"1":4,"2":3,"3":9,"4":3,"5":0,"6":327},"b":{"0":[1,3],"1":[327,0],"2":[3,0],"3":[3,3],"4":[0,0],"5":[0,0]},"_coverageSchema":"1a1c01bbd47fc00a2c39e90264f33305004495a9","hash":"e79d90ac81857922e0c2c6d73f00a34b5327be17"}
,"/Users/wenjiezhang/Documents/Software/School/csv/controller/Reader.js": {"path":"/Users/wenjiezhang/Documents/Software/School/csv/controller/Reader.js","statementMap":{"0":{"start":{"line":4,"column":8},"end":{"line":4,"column":24}},"1":{"start":{"line":5,"column":8},"end":{"line":5,"column":25}},"2":{"start":{"line":10,"column":8},"end":{"line":10,"column":30}},"3":{"start":{"line":15,"column":0},"end":{"line":15,"column":24}}},"fnMap":{"0":{"name":"(anonymous_0)","decl":{"start":{"line":3,"column":4},"end":{"line":3,"column":5}},"loc":{"start":{"line":3,"column":21},"end":{"line":6,"column":5}},"line":3},"1":{"name":"(anonymous_1)","decl":{"start":{"line":8,"column":4},"end":{"line":8,"column":5}},"loc":{"start":{"line":8,"column":10},"end":{"line":8,"column":12}},"line":8},"2":{"name":"(anonymous_2)","decl":{"start":{"line":9,"column":4},"end":{"line":9,"column":5}},"loc":{"start":{"line":9,"column":16},"end":{"line":11,"column":5}},"line":9}},"branchMap":{},"s":{"0":4,"1":4,"2":327,"3":1},"f":{"0":4,"1":0,"2":327},"b":{},"_coverageSchema":"1a1c01bbd47fc00a2c39e90264f33305004495a9","hash":"bf87b1d503066bedb4b77ee2786ec87fd32b75dc"}
,"/Users/wenjiezhang/Documents/Software/School/csv/model/city.js": {"path":"/Users/wenjiezhang/Documents/Software/School/csv/model/city.js","statementMap":{"0":{"start":{"line":3,"column":8},"end":{"line":26,"column":9}},"1":{"start":{"line":4,"column":97},"end":{"line":4,"column":104}},"2":{"start":{"line":5,"column":12},"end":{"line":5,"column":48}},"3":{"start":{"line":6,"column":12},"end":{"line":6,"column":54}},"4":{"start":{"line":7,"column":12},"end":{"line":7,"column":72}},"5":{"start":{"line":8,"column":12},"end":{"line":8,"column":50}},"6":{"start":{"line":9,"column":12},"end":{"line":9,"column":50}},"7":{"start":{"line":10,"column":12},"end":{"line":10,"column":53}},"8":{"start":{"line":11,"column":12},"end":{"line":11,"column":52}},"9":{"start":{"line":12,"column":12},"end":{"line":12,"column":71}},"10":{"start":{"line":13,"column":12},"end":{"line":13,"column":62}},"11":{"start":{"line":14,"column":12},"end":{"line":14,"column":72}},"12":{"start":{"line":17,"column":12},"end":{"line":17,"column":27}},"13":{"start":{"line":18,"column":12},"end":{"line":18,"column":29}},"14":{"start":{"line":19,"column":12},"end":{"line":19,"column":35}},"15":{"start":{"line":20,"column":12},"end":{"line":20,"column":28}},"16":{"start":{"line":21,"column":12},"end":{"line":21,"column":28}},"17":{"start":{"line":22,"column":12},"end":{"line":22,"column":29}},"18":{"start":{"line":23,"column":12},"end":{"line":23,"column":29}},"19":{"start":{"line":24,"column":12},"end":{"line":24,"column":32}},"20":{"start":{"line":25,"column":12},"end":{"line":25,"column":35}},"21":{"start":{"line":29,"column":20},"end":{"line":29,"column":23}},"22":{"start":{"line":30,"column":8},"end":{"line":32,"column":9}},"23":{"start":{"line":31,"column":12},"end":{"line":31,"column":40}},"24":{"start":{"line":33,"column":8},"end":{"line":33,"column":21}},"25":{"start":{"line":34,"column":8},"end":{"line":34,"column":22}},"26":{"start":{"line":37,"column":0},"end":{"line":37,"column":22}}},"fnMap":{"0":{"name":"(anonymous_0)","decl":{"start":{"line":2,"column":4},"end":{"line":2,"column":5}},"loc":{"start":{"line":2,"column":30},"end":{"line":27,"column":5}},"line":2},"1":{"name":"(anonymous_1)","decl":{"start":{"line":28,"column":4},"end":{"line":28,"column":5}},"loc":{"start":{"line":28,"column":14},"end":{"line":35,"column":5}},"line":28}},"branchMap":{"0":{"loc":{"start":{"line":2,"column":16},"end":{"line":2,"column":28}},"type":"default-arg","locations":[{"start":{"line":2,"column":26},"end":{"line":2,"column":28}}],"line":2},"1":{"loc":{"start":{"line":3,"column":8},"end":{"line":26,"column":9}},"type":"if","locations":[{"start":{"line":3,"column":8},"end":{"line":26,"column":9}},{"start":{"line":3,"column":8},"end":{"line":26,"column":9}}],"line":3},"2":{"loc":{"start":{"line":5,"column":22},"end":{"line":5,"column":47}},"type":"cond-expr","locations":[{"start":{"line":5,"column":39},"end":{"line":5,"column":41}},{"start":{"line":5,"column":43},"end":{"line":5,"column":47}}],"line":5},"3":{"loc":{"start":{"line":6,"column":24},"end":{"line":6,"column":53}},"type":"cond-expr","locations":[{"start":{"line":6,"column":43},"end":{"line":6,"column":47}},{"start":{"line":6,"column":49},"end":{"line":6,"column":53}}],"line":6},"4":{"loc":{"start":{"line":7,"column":30},"end":{"line":7,"column":71}},"type":"cond-expr","locations":[{"start":{"line":7,"column":55},"end":{"line":7,"column":65}},{"start":{"line":7,"column":67},"end":{"line":7,"column":71}}],"line":7},"5":{"loc":{"start":{"line":8,"column":23},"end":{"line":8,"column":49}},"type":"cond-expr","locations":[{"start":{"line":8,"column":41},"end":{"line":8,"column":44}},{"start":{"line":8,"column":45},"end":{"line":8,"column":49}}],"line":8},"6":{"loc":{"start":{"line":9,"column":23},"end":{"line":9,"column":49}},"type":"cond-expr","locations":[{"start":{"line":9,"column":41},"end":{"line":9,"column":44}},{"start":{"line":9,"column":45},"end":{"line":9,"column":49}}],"line":9},"7":{"loc":{"start":{"line":10,"column":24},"end":{"line":10,"column":52}},"type":"cond-expr","locations":[{"start":{"line":10,"column":43},"end":{"line":10,"column":47}},{"start":{"line":10,"column":48},"end":{"line":10,"column":52}}],"line":10},"8":{"loc":{"start":{"line":11,"column":24},"end":{"line":11,"column":51}},"type":"cond-expr","locations":[{"start":{"line":11,"column":42},"end":{"line":11,"column":46}},{"start":{"line":11,"column":47},"end":{"line":11,"column":51}}],"line":11},"9":{"loc":{"start":{"line":12,"column":30},"end":{"line":12,"column":70}},"type":"cond-expr","locations":[{"start":{"line":12,"column":55},"end":{"line":12,"column":65}},{"start":{"line":12,"column":66},"end":{"line":12,"column":70}}],"line":12},"10":{"loc":{"start":{"line":13,"column":27},"end":{"line":13,"column":61}},"type":"cond-expr","locations":[{"start":{"line":13,"column":49},"end":{"line":13,"column":56}},{"start":{"line":13,"column":57},"end":{"line":13,"column":61}}],"line":13},"11":{"loc":{"start":{"line":14,"column":30},"end":{"line":14,"column":71}},"type":"cond-expr","locations":[{"start":{"line":14,"column":55},"end":{"line":14,"column":65}},{"start":{"line":14,"column":67},"end":{"line":14,"column":71}}],"line":14}},"s":{"0":764,"1":764,"2":764,"3":764,"4":764,"5":764,"6":764,"7":764,"8":764,"9":764,"10":764,"11":764,"12":0,"13":0,"14":0,"15":0,"16":0,"17":0,"18":0,"19":0,"20":0,"21":0,"22":0,"23":0,"24":0,"25":0,"26":3},"f":{"0":764,"1":0},"b":{"0":[1],"1":[764,0],"2":[763,1],"3":[763,1],"4":[763,1],"5":[763,1],"6":[763,1],"7":[763,1],"8":[763,1],"9":[763,1],"10":[763,1],"11":[763,1]},"_coverageSchema":"1a1c01bbd47fc00a2c39e90264f33305004495a9","hash":"844f0430969522298a8798a6abbc83fbd2ac43d6"}
}
