{"/Users/wenjiezhang/Documents/Software/School/csv/controller/CsvReader.js": {"path":"/Users/wenjiezhang/Documents/Software/School/csv/controller/CsvReader.js","statementMap":{"0":{"start":{"line":1,"column":16},"end":{"line":1,"column":35}},"1":{"start":{"line":2,"column":11},"end":{"line":2,"column":24}},"2":{"start":{"line":3,"column":12},"end":{"line":3,"column":33}},"3":{"start":{"line":4,"column":13},"end":{"line":4,"column":37}},"4":{"start":{"line":8,"column":8},"end":{"line":8,"column":19}},"5":{"start":{"line":9,"column":8},"end":{"line":9,"column":24}},"6":{"start":{"line":12,"column":7},"end":{"line":14,"column":8}},"7":{"start":{"line":13,"column":11},"end":{"line":13,"column":50}},"8":{"start":{"line":15,"column":7},"end":{"line":45,"column":9}},"9":{"start":{"line":16,"column":33},"end":{"line":16,"column":37}},"10":{"start":{"line":17,"column":20},"end":{"line":44,"column":19}},"11":{"start":{"line":26,"column":28},"end":{"line":34,"column":29}},"12":{"start":{"line":27,"column":32},"end":{"line":33,"column":33}},"13":{"start":{"line":28,"column":51},"end":{"line":28,"column":74}},"14":{"start":{"line":29,"column":36},"end":{"line":29,"column":64}},"15":{"start":{"line":32,"column":36},"end":{"line":32,"column":62}},"16":{"start":{"line":37,"column":20},"end":{"line":37,"column":67}},"17":{"start":{"line":38,"column":20},"end":{"line":43,"column":21}},"18":{"start":{"line":39,"column":24},"end":{"line":39,"column":44}},"19":{"start":{"line":42,"column":24},"end":{"line":42,"column":52}},"20":{"start":{"line":50,"column":0},"end":{"line":50,"column":27}}},"fnMap":{"0":{"name":"(anonymous_0)","decl":{"start":{"line":7,"column":4},"end":{"line":7,"column":5}},"loc":{"start":{"line":7,"column":21},"end":{"line":10,"column":5}},"line":7},"1":{"name":"(anonymous_1)","decl":{"start":{"line":11,"column":3},"end":{"line":11,"column":4}},"loc":{"start":{"line":11,"column":20},"end":{"line":46,"column":4}},"line":11},"2":{"name":"(anonymous_2)","decl":{"start":{"line":15,"column":26},"end":{"line":15,"column":27}},"loc":{"start":{"line":15,"column":47},"end":{"line":45,"column":8}},"line":15},"3":{"name":"(anonymous_3)","decl":{"start":{"line":24,"column":40},"end":{"line":24,"column":41}},"loc":{"start":{"line":24,"column":50},"end":{"line":35,"column":21}},"line":24},"4":{"name":"(anonymous_4)","decl":{"start":{"line":36,"column":31},"end":{"line":36,"column":32}},"loc":{"start":{"line":36,"column":37},"end":{"line":44,"column":17}},"line":36}},"branchMap":{"0":{"loc":{"start":{"line":12,"column":7},"end":{"line":14,"column":8}},"type":"if","locations":[{"start":{"line":12,"column":7},"end":{"line":14,"column":8}},{"start":{"line":12,"column":7},"end":{"line":14,"column":8}}],"line":12},"1":{"loc":{"start":{"line":27,"column":32},"end":{"line":33,"column":33}},"type":"if","locations":[{"start":{"line":27,"column":32},"end":{"line":33,"column":33}},{"start":{"line":27,"column":32},"end":{"line":33,"column":33}}],"line":27},"2":{"loc":{"start":{"line":38,"column":20},"end":{"line":43,"column":21}},"type":"if","locations":[{"start":{"line":38,"column":20},"end":{"line":43,"column":21}},{"start":{"line":38,"column":20},"end":{"line":43,"column":21}}],"line":38},"3":{"loc":{"start":{"line":38,"column":23},"end":{"line":38,"column":68}},"type":"binary-expr","locations":[{"start":{"line":38,"column":23},"end":{"line":38,"column":42}},{"start":{"line":38,"column":46},"end":{"line":38,"column":68}}],"line":38}},"s":{"0":1,"1":1,"2":1,"3":1,"4":5,"5":5,"6":5,"7":1,"8":4,"9":4,"10":4,"11":10,"12":327,"13":327,"14":327,"15":0,"16":4,"17":4,"18":3,"19":1,"20":1},"f":{"0":5,"1":5,"2":4,"3":10,"4":4},"b":{"0":[1,4],"1":[327,0],"2":[3,1],"3":[4,4]},"_coverageSchema":"1a1c01bbd47fc00a2c39e90264f33305004495a9","hash":"09c6787af6adb68c35c4f727626ff0141edddb81"}
,"/Users/wenjiezhang/Documents/Software/School/csv/controller/Reader.js": {"path":"/Users/wenjiezhang/Documents/Software/School/csv/controller/Reader.js","statementMap":{"0":{"start":{"line":4,"column":8},"end":{"line":4,"column":24}},"1":{"start":{"line":5,"column":8},"end":{"line":5,"column":25}},"2":{"start":{"line":10,"column":0},"end":{"line":10,"column":24}}},"fnMap":{"0":{"name":"(anonymous_0)","decl":{"start":{"line":3,"column":4},"end":{"line":3,"column":5}},"loc":{"start":{"line":3,"column":21},"end":{"line":6,"column":5}},"line":3}},"branchMap":{},"s":{"0":5,"1":5,"2":1},"f":{"0":5},"b":{},"_coverageSchema":"1a1c01bbd47fc00a2c39e90264f33305004495a9","hash":"af56f7f6fb227cd73b3f2e240b47035dfeeb3b8e"}
,"/Users/wenjiezhang/Documents/Software/School/csv/model/city.js": {"path":"/Users/wenjiezhang/Documents/Software/School/csv/model/city.js","statementMap":{"0":{"start":{"line":3,"column":8},"end":{"line":27,"column":9}},"1":{"start":{"line":4,"column":97},"end":{"line":4,"column":104}},"2":{"start":{"line":5,"column":12},"end":{"line":5,"column":48}},"3":{"start":{"line":6,"column":12},"end":{"line":6,"column":54}},"4":{"start":{"line":7,"column":12},"end":{"line":7,"column":72}},"5":{"start":{"line":8,"column":12},"end":{"line":8,"column":63}},"6":{"start":{"line":9,"column":12},"end":{"line":9,"column":50}},"7":{"start":{"line":10,"column":12},"end":{"line":10,"column":50}},"8":{"start":{"line":11,"column":12},"end":{"line":11,"column":53}},"9":{"start":{"line":12,"column":12},"end":{"line":12,"column":52}},"10":{"start":{"line":13,"column":12},"end":{"line":13,"column":71}},"11":{"start":{"line":14,"column":12},"end":{"line":14,"column":62}},"12":{"start":{"line":15,"column":12},"end":{"line":15,"column":72}},"13":{"start":{"line":18,"column":12},"end":{"line":18,"column":27}},"14":{"start":{"line":19,"column":12},"end":{"line":19,"column":29}},"15":{"start":{"line":20,"column":12},"end":{"line":20,"column":35}},"16":{"start":{"line":21,"column":12},"end":{"line":21,"column":28}},"17":{"start":{"line":22,"column":12},"end":{"line":22,"column":28}},"18":{"start":{"line":23,"column":12},"end":{"line":23,"column":29}},"19":{"start":{"line":24,"column":12},"end":{"line":24,"column":29}},"20":{"start":{"line":25,"column":12},"end":{"line":25,"column":32}},"21":{"start":{"line":26,"column":12},"end":{"line":26,"column":35}},"22":{"start":{"line":30,"column":0},"end":{"line":30,"column":22}}},"fnMap":{"0":{"name":"(anonymous_0)","decl":{"start":{"line":2,"column":4},"end":{"line":2,"column":5}},"loc":{"start":{"line":2,"column":30},"end":{"line":28,"column":5}},"line":2}},"branchMap":{"0":{"loc":{"start":{"line":2,"column":16},"end":{"line":2,"column":28}},"type":"default-arg","locations":[{"start":{"line":2,"column":26},"end":{"line":2,"column":28}}],"line":2},"1":{"loc":{"start":{"line":3,"column":8},"end":{"line":27,"column":9}},"type":"if","locations":[{"start":{"line":3,"column":8},"end":{"line":27,"column":9}},{"start":{"line":3,"column":8},"end":{"line":27,"column":9}}],"line":3},"2":{"loc":{"start":{"line":5,"column":22},"end":{"line":5,"column":47}},"type":"cond-expr","locations":[{"start":{"line":5,"column":39},"end":{"line":5,"column":41}},{"start":{"line":5,"column":43},"end":{"line":5,"column":47}}],"line":5},"3":{"loc":{"start":{"line":6,"column":24},"end":{"line":6,"column":53}},"type":"cond-expr","locations":[{"start":{"line":6,"column":43},"end":{"line":6,"column":47}},{"start":{"line":6,"column":49},"end":{"line":6,"column":53}}],"line":6},"4":{"loc":{"start":{"line":7,"column":30},"end":{"line":7,"column":71}},"type":"cond-expr","locations":[{"start":{"line":7,"column":55},"end":{"line":7,"column":65}},{"start":{"line":7,"column":67},"end":{"line":7,"column":71}}],"line":7},"5":{"loc":{"start":{"line":8,"column":27},"end":{"line":8,"column":62}},"type":"cond-expr","locations":[{"start":{"line":8,"column":49},"end":{"line":8,"column":56}},{"start":{"line":8,"column":58},"end":{"line":8,"column":62}}],"line":8},"6":{"loc":{"start":{"line":9,"column":23},"end":{"line":9,"column":49}},"type":"cond-expr","locations":[{"start":{"line":9,"column":41},"end":{"line":9,"column":44}},{"start":{"line":9,"column":45},"end":{"line":9,"column":49}}],"line":9},"7":{"loc":{"start":{"line":10,"column":23},"end":{"line":10,"column":49}},"type":"cond-expr","locations":[{"start":{"line":10,"column":41},"end":{"line":10,"column":44}},{"start":{"line":10,"column":45},"end":{"line":10,"column":49}}],"line":10},"8":{"loc":{"start":{"line":11,"column":24},"end":{"line":11,"column":52}},"type":"cond-expr","locations":[{"start":{"line":11,"column":43},"end":{"line":11,"column":47}},{"start":{"line":11,"column":48},"end":{"line":11,"column":52}}],"line":11},"9":{"loc":{"start":{"line":12,"column":24},"end":{"line":12,"column":51}},"type":"cond-expr","locations":[{"start":{"line":12,"column":42},"end":{"line":12,"column":46}},{"start":{"line":12,"column":47},"end":{"line":12,"column":51}}],"line":12},"10":{"loc":{"start":{"line":13,"column":30},"end":{"line":13,"column":70}},"type":"cond-expr","locations":[{"start":{"line":13,"column":55},"end":{"line":13,"column":65}},{"start":{"line":13,"column":66},"end":{"line":13,"column":70}}],"line":13},"11":{"loc":{"start":{"line":14,"column":27},"end":{"line":14,"column":61}},"type":"cond-expr","locations":[{"start":{"line":14,"column":49},"end":{"line":14,"column":56}},{"start":{"line":14,"column":57},"end":{"line":14,"column":61}}],"line":14},"12":{"loc":{"start":{"line":15,"column":30},"end":{"line":15,"column":71}},"type":"cond-expr","locations":[{"start":{"line":15,"column":55},"end":{"line":15,"column":65}},{"start":{"line":15,"column":67},"end":{"line":15,"column":71}}],"line":15}},"s":{"0":766,"1":765,"2":765,"3":765,"4":765,"5":765,"6":765,"7":765,"8":765,"9":765,"10":765,"11":765,"12":765,"13":1,"14":1,"15":1,"16":1,"17":1,"18":1,"19":1,"20":1,"21":1,"22":4},"f":{"0":766},"b":{"0":[1],"1":[765,1],"2":[764,1],"3":[764,1],"4":[764,1],"5":[764,1],"6":[764,1],"7":[764,1],"8":[764,1],"9":[764,1],"10":[764,1],"11":[764,1],"12":[764,1]},"_coverageSchema":"1a1c01bbd47fc00a2c39e90264f33305004495a9","hash":"6cccb3e39b93bcbfbc73235fde411d506502fda6"}
}
