TN:
SF:controller/CsvReader.js
FN:7,(anonymous_0)
FN:11,(anonymous_1)
FN:15,(anonymous_2)
FN:24,(anonymous_3)
FN:36,(anonymous_4)
FNF:5
FNH:5
FNDA:5,(anonymous_0)
FNDA:5,(anonymous_1)
FNDA:4,(anonymous_2)
FNDA:10,(anonymous_3)
FNDA:4,(anonymous_4)
DA:1,1
DA:2,1
DA:3,1
DA:4,1
DA:8,5
DA:9,5
DA:12,5
DA:13,1
DA:15,4
DA:16,4
DA:17,4
DA:26,10
DA:27,327
DA:28,327
DA:29,327
DA:32,0
DA:37,4
DA:38,4
DA:39,3
DA:42,1
DA:50,1
LF:21
LH:20
BRDA:12,0,0,1
BRDA:12,0,1,4
BRDA:27,1,0,327
BRDA:27,1,1,0
BRDA:38,2,0,3
BRDA:38,2,1,1
BRDA:38,3,0,4
BRDA:38,3,1,4
BRF:8
BRH:7
end_of_record
TN:
SF:controller/Reader.js
FN:3,(anonymous_0)
FNF:1
FNH:1
FNDA:5,(anonymous_0)
DA:4,5
DA:5,5
DA:10,1
LF:3
LH:3
BRF:0
BRH:0
end_of_record
TN:
SF:model/city.js
FN:2,(anonymous_0)
FNF:1
FNH:1
FNDA:766,(anonymous_0)
DA:3,766
DA:4,765
DA:5,765
DA:6,765
DA:7,765
DA:8,765
DA:9,765
DA:10,765
DA:11,765
DA:12,765
DA:13,765
DA:14,765
DA:15,765
DA:18,1
DA:19,1
DA:20,1
DA:21,1
DA:22,1
DA:23,1
DA:24,1
DA:25,1
DA:26,1
DA:30,4
LF:23
LH:23
BRDA:2,0,0,1
BRDA:3,1,0,765
BRDA:3,1,1,1
BRDA:5,2,0,764
BRDA:5,2,1,1
BRDA:6,3,0,764
BRDA:6,3,1,1
BRDA:7,4,0,764
BRDA:7,4,1,1
BRDA:8,5,0,764
BRDA:8,5,1,1
BRDA:9,6,0,764
BRDA:9,6,1,1
BRDA:10,7,0,764
BRDA:10,7,1,1
BRDA:11,8,0,764
BRDA:11,8,1,1
BRDA:12,9,0,764
BRDA:12,9,1,1
BRDA:13,10,0,764
BRDA:13,10,1,1
BRDA:14,11,0,764
BRDA:14,11,1,1
BRDA:15,12,0,764
BRDA:15,12,1,1
BRF:25
BRH:25
end_of_record
