TN:
SF:controller/CsvReader.js
FN:7,(anonymous_0)
FN:13,(anonymous_1)
FN:17,(anonymous_2)
FN:26,(anonymous_3)
FN:38,(anonymous_4)
FN:50,(anonymous_5)
FN:59,(anonymous_6)
FNF:7
FNH:6
FNDA:4,(anonymous_0)
FNDA:4,(anonymous_1)
FNDA:3,(anonymous_2)
FNDA:9,(anonymous_3)
FNDA:3,(anonymous_4)
FNDA:0,(anonymous_5)
FNDA:327,(anonymous_6)
DA:1,1
DA:2,1
DA:3,1
DA:4,1
DA:8,4
DA:9,4
DA:10,4
DA:11,4
DA:14,4
DA:15,1
DA:17,3
DA:18,3
DA:19,3
DA:28,9
DA:29,327
DA:30,327
DA:31,327
DA:34,0
DA:39,3
DA:40,3
DA:41,3
DA:44,0
DA:51,0
DA:52,0
DA:55,0
DA:60,327
DA:65,1
LF:27
LH:22
BRDA:14,0,0,1
BRDA:14,0,1,3
BRDA:29,1,0,327
BRDA:29,1,1,0
BRDA:40,2,0,3
BRDA:40,2,1,0
BRDA:40,3,0,3
BRDA:40,3,1,3
BRDA:51,4,0,0
BRDA:51,4,1,0
BRDA:51,5,0,0
BRDA:51,5,1,0
BRF:12
BRH:6
end_of_record
TN:
SF:controller/Reader.js
FN:3,(anonymous_0)
FN:8,(anonymous_1)
FN:9,(anonymous_2)
FNF:3
FNH:2
FNDA:4,(anonymous_0)
FNDA:0,(anonymous_1)
FNDA:327,(anonymous_2)
DA:4,4
DA:5,4
DA:10,327
DA:15,1
LF:4
LH:4
BRF:0
BRH:0
end_of_record
TN:
SF:model/city.js
FN:2,(anonymous_0)
FN:28,(anonymous_1)
FNF:2
FNH:1
FNDA:764,(anonymous_0)
FNDA:0,(anonymous_1)
DA:3,764
DA:4,764
DA:5,764
DA:6,764
DA:7,764
DA:8,764
DA:9,764
DA:10,764
DA:11,764
DA:12,764
DA:13,764
DA:14,764
DA:17,0
DA:18,0
DA:19,0
DA:20,0
DA:21,0
DA:22,0
DA:23,0
DA:24,0
DA:25,0
DA:29,0
DA:30,0
DA:31,0
DA:33,0
DA:34,0
DA:37,3
LF:27
LH:13
BRDA:2,0,0,1
BRDA:3,1,0,764
BRDA:3,1,1,0
BRDA:5,2,0,763
BRDA:5,2,1,1
BRDA:6,3,0,763
BRDA:6,3,1,1
BRDA:7,4,0,763
BRDA:7,4,1,1
BRDA:8,5,0,763
BRDA:8,5,1,1
BRDA:9,6,0,763
BRDA:9,6,1,1
BRDA:10,7,0,763
BRDA:10,7,1,1
BRDA:11,8,0,763
BRDA:11,8,1,1
BRDA:12,9,0,763
BRDA:12,9,1,1
BRDA:13,10,0,763
BRDA:13,10,1,1
BRDA:14,11,0,763
BRDA:14,11,1,1
BRF:23
BRH:22
end_of_record
